Fri Mar 17 18:13:40 2017 PiOven Program Ready
Fri Mar 17 18:17:28 2017 PiOven Program Ready
Fri Mar 17 18:21:10 2017 PiOven Program Ready
Fri Mar 17 18:26:54 2017 PiOven Program Ready
Fri Mar 17 18:26:54 2017 A PiOven program is already running, only one can run at a time
Fri Mar 17 18:51:24 2017 PiOven Program Ready
Fri Mar 17 18:51:24 2017 A PiOven program is already running, only one can run at a time
Fri Mar 17 19:04:27 2017 PiOven Program Ready
Fri Mar 17 19:04:27 2017 A PiOven program is already running, only one can run at a time
Fri Mar 17 19:05:20 2017 PiOven Program Ready
Fri Mar 17 19:05:22 2017 PiOven Program Ready
Fri Mar 17 19:06:45 2017 PiOven Program initialized
Fri Mar 17 19:34:27 2017 PiOven Program initialized
Fri Mar 17 19:43:53 2017 PiOven Program initialized
Fri Mar 17 19:46:34 2017 PiOven Program initialized
Fri Mar 17 19:48:41 2017 PiOven Program initialized
Fri Mar 17 19:49:31 2017 PiOven Program initialized
Fri Mar 17 19:49:31 2017 A PiOven program is already running, only one can run at a time
Fri Mar 17 19:49:53 2017 PiOven Program initialized
Fri Mar 17 19:50:51 2017 PiOven Program initialized
Fri Mar 17 19:50:51 2017 A PiOven program is already running, only one can run at a time
Fri Mar 17 19:53:59 2017 PiOven Program initialized
Fri Mar 17 19:53:59 2017 A PiOven program is already running, only one can run at a time
Fri Mar 17 19:55:19 2017 PiOven Program initialized
Fri Mar 17 19:55:19 2017 A PiOven program is already running, only one can run at a time
Fri Mar 17 19:55:45 2017 PiOven Program initialized
Fri Mar 17 19:57:27 2017 PiOven Program initialized
Fri Mar 17 19:57:27 2017 A PiOven program is already running, only one can run at a time
Fri Mar 17 19:57:35 2017 PiOven Program initialized
Fri Mar 17 20:07:42 2017 PiOven Program initialized
Fri Mar 17 20:10:38 2017 PiOven Program initialized
Fri Mar 17 20:16:05 2017 PiOven Program initialized
Fri Mar 17 20:19:32 2017 PiOven Program initialized
Fri Mar 17 20:39:07 2017 PiOven Program initialized
Fri Mar 17 20:39:48 2017 PiOven Program initialized
Fri Mar 17 20:40:05 2017 PiOven Program initialized
Fri Mar 17 20:40:05 2017 A PiOven program is already running, only one can run at a time
Fri Mar 17 20:40:25 2017 PiOven Program initialized
Fri Mar 17 21:22:14 2017 PiOven Program initialized
Fri Mar 17 21:24:16 2017 PiOven Program initialized
Fri Mar 17 21:25:33 2017 PiOven Program initialized
Fri Mar 17 21:31:03 2017 PiOven Program initialized
Fri Mar 17 21:34:07 2017 PiOven Program initialized
Fri Mar 17 21:34:07 2017 A PiOven program is already running, only one can run at a time
Fri Mar 17 21:34:16 2017 PiOven Program initialized
Fri Mar 17 21:35:16 2017 None
Fri Mar 17 21:35:16 2017 None
Fri Mar 17 21:37:26 2017 PiOven Program initialized
Fri Mar 17 21:38:26 2017 None
Fri Mar 17 21:38:26 2017 None
Fri Mar 17 21:41:38 2017 PiOven Program initialized
Fri Mar 17 21:42:39 2017 GPIO is cleaned up. (OFF)
Fri Mar 17 21:42:39 2017 None
Fri Mar 17 21:45:41 2017 PiOven Program initialized
Fri Mar 17 21:46:41 2017 GPIO is cleaned up. (OFF)
Fri Mar 17 21:48:06 2017 PiOven Program initialized
Fri Mar 17 21:49:06 2017 GPIO is cleaned up. (OFF)
Fri Mar 17 21:50:42 2017 PiOven Program initialized
Fri Mar 17 21:50:42 2017 A PiOven program is already running, only one can run at a time
Fri Mar 17 21:50:51 2017 PiOven Program initialized
Fri Mar 17 21:51:51 2017 GPIO is cleaned up. (OFF)
Fri Mar 17 21:52:08 2017 PiOven Program initialized
Fri Mar 17 21:53:08 2017 GPIO is cleaned up. (OFF)
Fri Mar 17 21:53:08 2017 Status file is removed, program has cleanly exited
